# JRE version: OpenJDK Runtime Environment (8.0_232-b09) (build 1.8.0_232-8u232-b09-0ubuntu1~16.04.1-b09)
# Java VM: OpenJDK 64-Bit Server VM (25.232-b09 mixed mode linux-amd64 compressed oops)
Heap:
 PSYoungGen      total 482816K, used 21707K [0x00000000d7100000, 0x00000000f7c80000, 0x0000000100000000)
  eden space 453632K, 0% used [0x00000000d7100000,0x00000000d7100000,0x00000000f2c00000)
  from space 29184K, 74% used [0x00000000f2c00000,0x00000000f4132c00,0x00000000f4880000)
  to   space 20480K, 0% used [0x00000000f4880000,0x00000000f4880000,0x00000000f5c80000)
 ParOldGen       total 104960K, used 79104K [0x0000000085200000, 0x000000008b880000, 0x00000000d7100000)
  object space 104960K, 75% used [0x0000000085200000,0x0000000089f401c8,0x000000008b880000)
 Metaspace       used 74438K, capacity 77250K, committed 77352K, reserved 1114112K
  class space    used 11551K, capacity 12076K, committed 12080K, reserved 1048576K
GC Heap History (10 events):
Event: 8.835 GC heap after
Heap after GC invocations=11 (full 2):
 PSYoungGen      total 249344K, used 0K [0x00000000d7100000, 0x00000000eeb00000, 0x0000000100000000)
  eden space 236544K, 0% used [0x00000000d7100000,0x00000000d7100000,0x00000000e5800000)
  from space 12800K, 0% used [0x00000000e5800000,0x00000000e5800000,0x00000000e6480000)
  to   space 15872K, 0% used [0x00000000edb80000,0x00000000edb80000,0x00000000eeb00000)
 ParOldGen       total 69120K, used 21057K [0x0000000085200000, 0x0000000089580000, 0x00000000d7100000)
  object space 69120K, 30% used [0x0000000085200000,0x0000000086690508,0x0000000089580000)
 Metaspace       used 33670K, capacity 35320K, committed 35496K, reserved 1079296K
  class space    used 4432K, capacity 4761K, committed 4784K, reserved 1048576K
}
Event: 22.933 GC heap before
{Heap before GC invocations=12 (full 2):
 PSYoungGen      total 249344K, used 236544K [0x00000000d7100000, 0x00000000eeb00000, 0x0000000100000000)
  eden space 236544K, 100% used [0x00000000d7100000,0x00000000e5800000,0x00000000e5800000)
  from space 12800K, 0% used [0x00000000e5800000,0x00000000e5800000,0x00000000e6480000)
  to   space 15872K, 0% used [0x00000000edb80000,0x00000000edb80000,0x00000000eeb00000)
 ParOldGen       total 69120K, used 21057K [0x0000000085200000, 0x0000000089580000, 0x00000000d7100000)
  object space 69120K, 30% used [0x0000000085200000,0x0000000086690508,0x0000000089580000)
 Metaspace       used 45572K, capacity 47532K, committed 47784K, reserved 1091584K
  class space    used 6045K, capacity 6452K, committed 6576K, reserved 1048576K
Event: 22.967 GC heap after
Heap after GC invocations=12 (full 2):
 PSYoungGen      total 350720K, used 15866K [0x00000000d7100000, 0x00000000eeb00000, 0x0000000100000000)
  eden space 334848K, 0% used [0x00000000d7100000,0x00000000d7100000,0x00000000eb800000)
  from space 15872K, 99% used [0x00000000edb80000,0x00000000eeafea60,0x00000000eeb00000)
  to   space 19456K, 0% used [0x00000000ec500000,0x00000000ec500000,0x00000000ed800000)
 ParOldGen       total 69120K, used 25201K [0x0000000085200000, 0x0000000089580000, 0x00000000d7100000)
  object space 69120K, 36% used [0x0000000085200000,0x0000000086a9c788,0x0000000089580000)
 Metaspace       used 45572K, capacity 47532K, committed 47784K, reserved 1091584K
  class space    used 6045K, capacity 6452K, committed 6576K, reserved 1048576K
}
Event: 28.931 GC heap before
{Heap before GC invocations=13 (full 2):
 PSYoungGen      total 350720K, used 211413K [0x00000000d7100000, 0x00000000eeb00000, 0x0000000100000000)
  eden space 334848K, 58% used [0x00000000d7100000,0x00000000e2ff6b38,0x00000000eb800000)
  from space 15872K, 99% used [0x00000000edb80000,0x00000000eeafea60,0x00000000eeb00000)
  to   space 19456K, 0% used [0x00000000ec500000,0x00000000ec500000,0x00000000ed800000)
 ParOldGen       total 69120K, used 25201K [0x0000000085200000, 0x0000000089580000, 0x00000000d7100000)
  object space 69120K, 36% used [0x0000000085200000,0x0000000086a9c788,0x0000000089580000)
 Metaspace       used 56595K, capacity 59130K, committed 59160K, reserved 1099776K
  class space    used 7619K, capacity 8105K, committed 8112K, reserved 1048576K
Event: 28.952 GC heap after
Heap after GC invocations=13 (full 2):
 PSYoungGen      total 367616K, used 14036K [0x00000000d7100000, 0x00000000f5c80000, 0x0000000100000000)
  eden space 348160K, 0% used [0x00000000d7100000,0x00000000d7100000,0x00000000ec500000)
  from space 19456K, 72% used [0x00000000ec500000,0x00000000ed2b5388,0x00000000ed800000)
  to   space 20480K, 0% used [0x00000000f4880000,0x00000000f4880000,0x00000000f5c80000)
 ParOldGen       total 69120K, used 36731K [0x0000000085200000, 0x0000000089580000, 0x00000000d7100000)
  object space 69120K, 53% used [0x0000000085200000,0x00000000875dece0,0x0000000089580000)
 Metaspace       used 56595K, capacity 59130K, committed 59160K, reserved 1099776K
  class space    used 7619K, capacity 8105K, committed 8112K, reserved 1048576K
}
Event: 28.952 GC heap before
{Heap before GC invocations=14 (full 3):
 PSYoungGen      total 367616K, used 14036K [0x00000000d7100000, 0x00000000f5c80000, 0x0000000100000000)
  eden space 348160K, 0% used [0x00000000d7100000,0x00000000d7100000,0x00000000ec500000)
  from space 19456K, 72% used [0x00000000ec500000,0x00000000ed2b5388,0x00000000ed800000)
  to   space 20480K, 0% used [0x00000000f4880000,0x00000000f4880000,0x00000000f5c80000)
 ParOldGen       total 69120K, used 36731K [0x0000000085200000, 0x0000000089580000, 0x00000000d7100000)
  object space 69120K, 53% used [0x0000000085200000,0x00000000875dece0,0x0000000089580000)
 Metaspace       used 56595K, capacity 59130K, committed 59160K, reserved 1099776K
  class space    used 7619K, capacity 8105K, committed 8112K, reserved 1048576K
Event: 29.213 GC heap after
Heap after GC invocations=14 (full 3):
 PSYoungGen      total 367616K, used 0K [0x00000000d7100000, 0x00000000f5c80000, 0x0000000100000000)
  eden space 348160K, 0% used [0x00000000d7100000,0x00000000d7100000,0x00000000ec500000)
  from space 19456K, 0% used [0x00000000ec500000,0x00000000ec500000,0x00000000ed800000)
  to   space 20480K, 0% used [0x00000000f4880000,0x00000000f4880000,0x00000000f5c80000)
 ParOldGen       total 104960K, used 43024K [0x0000000085200000, 0x000000008b880000, 0x00000000d7100000)
  object space 104960K, 40% used [0x0000000085200000,0x0000000087c04380,0x000000008b880000)
 Metaspace       used 56595K, capacity 59130K, committed 59160K, reserved 1099776K
  class space    used 7619K, capacity 8105K, committed 8112K, reserved 1048576K
}
Event: 33.007 GC heap before
{Heap before GC invocations=15 (full 3):
 PSYoungGen      total 367616K, used 348160K [0x00000000d7100000, 0x00000000f5c80000, 0x0000000100000000)
  eden space 348160K, 100% used [0x00000000d7100000,0x00000000ec500000,0x00000000ec500000)
  from space 19456K, 0% used [0x00000000ec500000,0x00000000ec500000,0x00000000ed800000)
  to   space 20480K, 0% used [0x00000000f4880000,0x00000000f4880000,0x00000000f5c80000)
 ParOldGen       total 104960K, used 43024K [0x0000000085200000, 0x000000008b880000, 0x00000000d7100000)
  object space 104960K, 40% used [0x0000000085200000,0x0000000087c04380,0x000000008b880000)
 Metaspace       used 72744K, capacity 75530K, committed 75816K, reserved 1114112K
  class space    used 11162K, capacity 11720K, committed 11824K, reserved 1048576K
Event: 33.068 GC heap after
Heap after GC invocations=15 (full 3):
 PSYoungGen      total 474112K, used 20480K [0x00000000d7100000, 0x00000000f7c80000, 0x0000000100000000)
  eden space 453632K, 0% used [0x00000000d7100000,0x00000000d7100000,0x00000000f2c00000)
  from space 20480K, 100% used [0x00000000f4880000,0x00000000f5c80000,0x00000000f5c80000)
  to   space 29184K, 0% used [0x00000000f2c00000,0x00000000f2c00000,0x00000000f4880000)
 ParOldGen       total 104960K, used 58844K [0x0000000085200000, 0x000000008b880000, 0x00000000d7100000)
  object space 104960K, 56% used [0x0000000085200000,0x0000000088b77390,0x000000008b880000)
 Metaspace       used 72744K, capacity 75530K, committed 75816K, reserved 1114112K
  class space    used 11162K, capacity 11720K, committed 11824K, reserved 1048576K
}
Event: 36.535 GC heap before
{Heap before GC invocations=16 (full 3):
 PSYoungGen      total 474112K, used 474112K [0x00000000d7100000, 0x00000000f7c80000, 0x0000000100000000)
  eden space 453632K, 100% used [0x00000000d7100000,0x00000000f2c00000,0x00000000f2c00000)
  from space 20480K, 100% used [0x00000000f4880000,0x00000000f5c80000,0x00000000f5c80000)
  to   space 29184K, 0% used [0x00000000f2c00000,0x00000000f2c00000,0x00000000f4880000)
 ParOldGen       total 104960K, used 58844K [0x0000000085200000, 0x000000008b880000, 0x00000000d7100000)
  object space 104960K, 56% used [0x0000000085200000,0x0000000088b77390,0x000000008b880000)
 Metaspace       used 74438K, capacity 77250K, committed 77352K, reserved 1114112K
  class space    used 11551K, capacity 12076K, committed 12080K, reserved 1048576K

